<?xml version="1.0" encoding="UTF-8"?>
<testng-results total="3" passed="3" failed="0" skipped="0">
  <reporter-output>
  </reporter-output>
  <suite started-at="2022-10-29T06:18:35Z" name="Default suite" finished-at="2022-10-29T06:19:22Z" duration-ms="46417">
    <groups>
    </groups>
    <test started-at="2022-10-29T06:18:35Z" name="Default test" finished-at="2022-10-29T06:19:22Z" duration-ms="46417">
      <class name="selenium_case.OrangeHRM_Case">
        <test-method is-config="true" signature="testcase1()[pri:0, instance:selenium_case.OrangeHRM_Case@8462f31]" started-at="2022-10-29T11:48:35Z" name="testcase1" finished-at="2022-10-29T11:49:00Z" duration-ms="24937" status="PASS">
          <reporter-output>
          </reporter-output>
        </test-method> <!-- testcase1 -->
        <test-method signature="testcase2()[pri:0, instance:selenium_case.OrangeHRM_Case@8462f31]" started-at="2022-10-29T11:49:00Z" name="testcase2" finished-at="2022-10-29T11:49:07Z" duration-ms="6490" status="PASS">
          <reporter-output>
          </reporter-output>
        </test-method> <!-- testcase2 -->
        <test-method signature="testcase3()[pri:0, instance:selenium_case.OrangeHRM_Case@8462f31]" started-at="2022-10-29T11:49:07Z" name="testcase3" finished-at="2022-10-29T11:49:12Z" duration-ms="5158" status="PASS">
          <reporter-output>
          </reporter-output>
        </test-method> <!-- testcase3 -->
        <test-method signature="testcase4()[pri:0, instance:selenium_case.OrangeHRM_Case@8462f31]" started-at="2022-10-29T11:49:12Z" name="testcase4" finished-at="2022-10-29T11:49:18Z" duration-ms="5690" status="PASS">
          <reporter-output>
          </reporter-output>
        </test-method> <!-- testcase4 -->
        <test-method is-config="true" signature="testcase5()[pri:0, instance:selenium_case.OrangeHRM_Case@8462f31]" started-at="2022-10-29T11:49:18Z" name="testcase5" finished-at="2022-10-29T11:49:22Z" duration-ms="4083" status="PASS">
          <reporter-output>
          </reporter-output>
        </test-method> <!-- testcase5 -->
      </class> <!-- selenium_case.OrangeHRM_Case -->
    </test> <!-- Default test -->
  </suite> <!-- Default suite -->
</testng-results>
