<?xml version="1.0" encoding="UTF-8"?>
<!-- Generated by org.testng.reporters.JUnitXMLReporter -->
<testsuite hostname="DESKTOP-T2FG83M" failures="0" tests="3" name="Default test" time="46.417" errors="0" timestamp="29 Oct 2022 06:19:22 GMT">
  <testcase classname="selenium_case.OrangeHRM_Case" name="testcase2" time="6.49"/>
  <testcase classname="selenium_case.OrangeHRM_Case" name="testcase3" time="5.158"/>
  <testcase classname="selenium_case.OrangeHRM_Case" name="testcase4" time="5.69"/>
</testsuite> <!-- Default test -->
